# JRE version: OpenJDK Runtime Environment (8.0_152-b02) (build 1.8.0_152-release-1024-b02)
# Java VM: OpenJDK 64-Bit Server VM (25.152-b02 mixed mode windows-amd64 compressed oops)
Heap:
 PSYoungGen      total 315904K, used 155887K [0x00000000e0000000, 0x00000000f5b00000, 0x0000000100000000)
  eden space 276480K, 53% used [0x00000000e0000000,0x00000000e8fedeb0,0x00000000f0e00000)
  from space 39424K, 21% used [0x00000000f0e00000,0x00000000f164e140,0x00000000f3480000)
  to   space 39424K, 0% used [0x00000000f3480000,0x00000000f3480000,0x00000000f5b00000)
 ParOldGen       total 127488K, used 99072K [0x00000000a0000000, 0x00000000a7c80000, 0x00000000e0000000)
  object space 127488K, 77% used [0x00000000a0000000,0x00000000a60c0168,0x00000000a7c80000)
 Metaspace       used 82672K, capacity 86076K, committed 86360K, reserved 1124352K
  class space    used 10260K, capacity 11033K, committed 11136K, reserved 1048576K
GC Heap History (10 events):
Event: 2519.987 GC heap before
{Heap before GC invocations=36 (full 3):
 PSYoungGen      total 315904K, used 289264K [0x00000000e0000000, 0x00000000f5b00000, 0x0000000100000000)
  eden space 276480K, 100% used [0x00000000e0000000,0x00000000f0e00000,0x00000000f0e00000)
  from space 39424K, 32% used [0x00000000f3480000,0x00000000f40fc110,0x00000000f5b00000)
  to   space 39424K, 0% used [0x00000000f0e00000,0x00000000f0e00000,0x00000000f3480000)
 ParOldGen       total 127488K, used 78731K [0x00000000a0000000, 0x00000000a7c80000, 0x00000000e0000000)
  object space 127488K, 61% used [0x00000000a0000000,0x00000000a4ce2fc0,0x00000000a7c80000)
 Metaspace       used 82603K, capacity 86064K, committed 86360K, reserved 1124352K
  class space    used 10256K, capacity 11031K, committed 11136K, reserved 1048576K
Event: 2520.020 GC heap after
Heap after GC invocations=36 (full 3):
 PSYoungGen      total 315904K, used 14264K [0x00000000e0000000, 0x00000000f5b00000, 0x0000000100000000)
  eden space 276480K, 0% used [0x00000000e0000000,0x00000000e0000000,0x00000000f0e00000)
  from space 39424K, 36% used [0x00000000f0e00000,0x00000000f1bee180,0x00000000f3480000)
  to   space 39424K, 0% used [0x00000000f3480000,0x00000000f3480000,0x00000000f5b00000)
 ParOldGen       total 127488K, used 82827K [0x00000000a0000000, 0x00000000a7c80000, 0x00000000e0000000)
  object space 127488K, 64% used [0x00000000a0000000,0x00000000a50e2fc0,0x00000000a7c80000)
 Metaspace       used 82603K, capacity 86064K, committed 86360K, reserved 1124352K
  class space    used 10256K, capacity 11031K, committed 11136K, reserved 1048576K
}
Event: 2520.728 GC heap before
{Heap before GC invocations=37 (full 3):
 PSYoungGen      total 315904K, used 290744K [0x00000000e0000000, 0x00000000f5b00000, 0x0000000100000000)
  eden space 276480K, 100% used [0x00000000e0000000,0x00000000f0e00000,0x00000000f0e00000)
  from space 39424K, 36% used [0x00000000f0e00000,0x00000000f1bee180,0x00000000f3480000)
  to   space 39424K, 0% used [0x00000000f3480000,0x00000000f3480000,0x00000000f5b00000)
 ParOldGen       total 127488K, used 82827K [0x00000000a0000000, 0x00000000a7c80000, 0x00000000e0000000)
  object space 127488K, 64% used [0x00000000a0000000,0x00000000a50e2fc0,0x00000000a7c80000)
 Metaspace       used 82609K, capacity 86064K, committed 86360K, reserved 1124352K
  class space    used 10256K, capacity 11031K, committed 11136K, reserved 1048576K
Event: 2520.755 GC heap after
Heap after GC invocations=37 (full 3):
 PSYoungGen      total 315904K, used 8024K [0x00000000e0000000, 0x00000000f5b00000, 0x0000000100000000)
  eden space 276480K, 0% used [0x00000000e0000000,0x00000000e0000000,0x00000000f0e00000)
  from space 39424K, 20% used [0x00000000f3480000,0x00000000f3c560e0,0x00000000f5b00000)
  to   space 39424K, 0% used [0x00000000f0e00000,0x00000000f0e00000,0x00000000f3480000)
 ParOldGen       total 127488K, used 88939K [0x00000000a0000000, 0x00000000a7c80000, 0x00000000e0000000)
  object space 127488K, 69% used [0x00000000a0000000,0x00000000a56daff0,0x00000000a7c80000)
 Metaspace       used 82609K, capacity 86064K, committed 86360K, reserved 1124352K
  class space    used 10256K, capacity 11031K, committed 11136K, reserved 1048576K
}
Event: 2521.408 GC heap before
{Heap before GC invocations=38 (full 3):
 PSYoungGen      total 315904K, used 284504K [0x00000000e0000000, 0x00000000f5b00000, 0x0000000100000000)
  eden space 276480K, 100% used [0x00000000e0000000,0x00000000f0e00000,0x00000000f0e00000)
  from space 39424K, 20% used [0x00000000f3480000,0x00000000f3c560e0,0x00000000f5b00000)
  to   space 39424K, 0% used [0x00000000f0e00000,0x00000000f0e00000,0x00000000f3480000)
 ParOldGen       total 127488K, used 88939K [0x00000000a0000000, 0x00000000a7c80000, 0x00000000e0000000)
  object space 127488K, 69% used [0x00000000a0000000,0x00000000a56daff0,0x00000000a7c80000)
 Metaspace       used 82621K, capacity 86064K, committed 86360K, reserved 1124352K
  class space    used 10256K, capacity 11031K, committed 11136K, reserved 1048576K
Event: 2521.432 GC heap after
Heap after GC invocations=38 (full 3):
 PSYoungGen      total 315904K, used 7512K [0x00000000e0000000, 0x00000000f5b00000, 0x0000000100000000)
  eden space 276480K, 0% used [0x00000000e0000000,0x00000000e0000000,0x00000000f0e00000)
  from space 39424K, 19% used [0x00000000f0e00000,0x00000000f15560d0,0x00000000f3480000)
  to   space 39424K, 0% used [0x00000000f3480000,0x00000000f3480000,0x00000000f5b00000)
 ParOldGen       total 127488K, used 92204K [0x00000000a0000000, 0x00000000a7c80000, 0x00000000e0000000)
  object space 127488K, 72% used [0x00000000a0000000,0x00000000a5a0b100,0x00000000a7c80000)
 Metaspace       used 82621K, capacity 86064K, committed 86360K, reserved 1124352K
  class space    used 10256K, capacity 11031K, committed 11136K, reserved 1048576K
}
Event: 2522.082 GC heap before
{Heap before GC invocations=39 (full 3):
 PSYoungGen      total 315904K, used 283992K [0x00000000e0000000, 0x00000000f5b00000, 0x0000000100000000)
  eden space 276480K, 100% used [0x00000000e0000000,0x00000000f0e00000,0x00000000f0e00000)
  from space 39424K, 19% used [0x00000000f0e00000,0x00000000f15560d0,0x00000000f3480000)
  to   space 39424K, 0% used [0x00000000f3480000,0x00000000f3480000,0x00000000f5b00000)
 ParOldGen       total 127488K, used 92204K [0x00000000a0000000, 0x00000000a7c80000, 0x00000000e0000000)
  object space 127488K, 72% used [0x00000000a0000000,0x00000000a5a0b100,0x00000000a7c80000)
 Metaspace       used 82625K, capacity 86064K, committed 86360K, reserved 1124352K
  class space    used 10256K, capacity 11031K, committed 11136K, reserved 1048576K
Event: 2522.102 GC heap after
Heap after GC invocations=39 (full 3):
 PSYoungGen      total 315904K, used 8344K [0x00000000e0000000, 0x00000000f5b00000, 0x0000000100000000)
  eden space 276480K, 0% used [0x00000000e0000000,0x00000000e0000000,0x00000000f0e00000)
  from space 39424K, 21% used [0x00000000f3480000,0x00000000f3ca60a0,0x00000000f5b00000)
  to   space 39424K, 0% used [0x00000000f0e00000,0x00000000f0e00000,0x00000000f3480000)
 ParOldGen       total 127488K, used 96216K [0x00000000a0000000, 0x00000000a7c80000, 0x00000000e0000000)
  object space 127488K, 75% used [0x00000000a0000000,0x00000000a5df6108,0x00000000a7c80000)
 Metaspace       used 82625K, capacity 86064K, committed 86360K, reserved 1124352K
  class space    used 10256K, capacity 11031K, committed 11136K, reserved 1048576K
}
Event: 2522.731 GC heap before
{Heap before GC invocations=40 (full 3):
 PSYoungGen      total 315904K, used 284824K [0x00000000e0000000, 0x00000000f5b00000, 0x0000000100000000)
  eden space 276480K, 100% used [0x00000000e0000000,0x00000000f0e00000,0x00000000f0e00000)
  from space 39424K, 21% used [0x00000000f3480000,0x00000000f3ca60a0,0x00000000f5b00000)
  to   space 39424K, 0% used [0x00000000f0e00000,0x00000000f0e00000,0x00000000f3480000)
 ParOldGen       total 127488K, used 96216K [0x00000000a0000000, 0x00000000a7c80000, 0x00000000e0000000)
  object space 127488K, 75% used [0x00000000a0000000,0x00000000a5df6108,0x00000000a7c80000)
 Metaspace       used 82629K, capacity 86064K, committed 86360K, reserved 1124352K
  class space    used 10256K, capacity 11031K, committed 11136K, reserved 1048576K
Event: 2522.752 GC heap after
Heap after GC invocations=40 (full 3):
 PSYoungGen      total 315904K, used 8504K [0x00000000e0000000, 0x00000000f5b00000, 0x0000000100000000)
  eden space 276480K, 0% used [0x00000000e0000000,0x00000000e0000000,0x00000000f0e00000)
  from space 39424K, 21% used [0x00000000f0e00000,0x00000000f164e140,0x00000000f3480000)
  to   space 39424K, 0% used [0x00000000f3480000,0x00000000f3480000,0x00000000f5b00000)
 ParOldGen       total 127488K, used 99072K [0x00000000a0000000, 0x00000000a7c80000, 0x00000000e0000000)
  object space 127488K, 77% used [0x00000000a0000000,0x00000000a60c0168,0x00000000a7c80000)
 Metaspace       used 82629K, capacity 86064K, committed 86360K, reserved 1124352K
  class space    used 10256K, capacity 11031K, committed 11136K, reserved 1048576K
}

